c:\users\kobam\desktop\ゲームプログラミング実習\gameprogramming\debug\vc120.pdb
c:\users\kobam\desktop\ゲームプログラミング実習\gameprogramming\debug\vc120.idb
c:\users\kobam\desktop\ゲームプログラミング実習\gameprogramming\debug\ccharacter.obj
c:\users\kobam\desktop\ゲームプログラミング実習\gameprogramming\debug\ccollider.obj
c:\users\kobam\desktop\ゲームプログラミング実習\gameprogramming\debug\ccollisionmanager.obj
c:\users\kobam\desktop\ゲームプログラミング実習\gameprogramming\debug\ceffect.obj
c:\users\kobam\desktop\ゲームプログラミング実習\gameprogramming\debug\ckey.obj
c:\users\kobam\desktop\ゲームプログラミング実習\gameprogramming\debug\cmaterial.obj
c:\users\kobam\desktop\ゲームプログラミング実習\gameprogramming\debug\cmatrix.obj
c:\users\kobam\desktop\ゲームプログラミング実習\gameprogramming\debug\cmodel.obj
c:\users\kobam\desktop\ゲームプログラミング実習\gameprogramming\debug\cscene.obj
c:\users\kobam\desktop\ゲームプログラミング実習\gameprogramming\debug\cscenegame.obj
c:\users\kobam\desktop\ゲームプログラミング実習\gameprogramming\debug\cscenemanager.obj
c:\users\kobam\desktop\ゲームプログラミング実習\gameprogramming\debug\ctaskmanager.obj
c:\users\kobam\desktop\ゲームプログラミング実習\gameprogramming\debug\ctext.obj
c:\users\kobam\desktop\ゲームプログラミング実習\gameprogramming\debug\ctexture.obj
c:\users\kobam\desktop\ゲームプログラミング実習\gameprogramming\debug\ctransform.obj
c:\users\kobam\desktop\ゲームプログラミング実習\gameprogramming\debug\ctriangle.obj
c:\users\kobam\desktop\ゲームプログラミング実習\gameprogramming\debug\cvector.obj
c:\users\kobam\desktop\ゲームプログラミング実習\gameprogramming\debug\main.obj
c:\users\kobam\desktop\ゲームプログラミング実習\gameprogramming\debug\cbillboard.obj
c:\users\kobam\desktop\ゲームプログラミング実習\gameprogramming\debug\ccamera.obj
c:\users\kobam\desktop\ゲームプログラミング実習(制作)\gameprogramming\debug\vc120.pdb
c:\users\kobam\desktop\ゲームプログラミング実習(制作)\gameprogramming\debug\vc120.idb
c:\users\kobam\desktop\ゲームプログラミング実習(制作)\gameprogramming\debug\ccharacter.obj
c:\users\kobam\desktop\ゲームプログラミング実習(制作)\gameprogramming\debug\ccollider.obj
c:\users\kobam\desktop\ゲームプログラミング実習(制作)\gameprogramming\debug\ccollisionmanager.obj
c:\users\kobam\desktop\ゲームプログラミング実習(制作)\gameprogramming\debug\ceffect.obj
c:\users\kobam\desktop\ゲームプログラミング実習(制作)\gameprogramming\debug\ckey.obj
c:\users\kobam\desktop\ゲームプログラミング実習(制作)\gameprogramming\debug\cmaterial.obj
c:\users\kobam\desktop\ゲームプログラミング実習(制作)\gameprogramming\debug\cmatrix.obj
c:\users\kobam\desktop\ゲームプログラミング実習(制作)\gameprogramming\debug\cmodel.obj
c:\users\kobam\desktop\ゲームプログラミング実習(制作)\gameprogramming\debug\cscene.obj
c:\users\kobam\desktop\ゲームプログラミング実習(制作)\gameprogramming\debug\cscenegame.obj
c:\users\kobam\desktop\ゲームプログラミング実習(制作)\gameprogramming\debug\cscenemanager.obj
c:\users\kobam\desktop\ゲームプログラミング実習(制作)\gameprogramming\debug\ctaskmanager.obj
c:\users\kobam\desktop\ゲームプログラミング実習(制作)\gameprogramming\debug\ctext.obj
c:\users\kobam\desktop\ゲームプログラミング実習(制作)\gameprogramming\debug\ctexture.obj
c:\users\kobam\desktop\ゲームプログラミング実習(制作)\gameprogramming\debug\ctransform.obj
c:\users\kobam\desktop\ゲームプログラミング実習(制作)\gameprogramming\debug\ctriangle.obj
c:\users\kobam\desktop\ゲームプログラミング実習(制作)\gameprogramming\debug\cvector.obj
c:\users\kobam\desktop\ゲームプログラミング実習(制作)\gameprogramming\debug\main.obj
c:\users\kobam\desktop\ゲームプログラミング実習(制作)\gameprogramming\debug\cbillboard.obj
c:\users\kobam\desktop\ゲームプログラミング実習(制作)\gameprogramming\debug\ccamera.obj
c:\users\kobam\desktop\ゲームプログラミング実習(制作)\gameprogramming\debug\cenemy.obj
c:\users\kobam\desktop\ゲームプログラミング実習(制作)\gameprogramming\debug\cplayer.obj
c:\users\kobam\desktop\ゲームプログラミング実習(制作)\gameprogramming\debug\crectangle.obj
c:\users\kobam\desktop\ゲームプログラミング実習(制作)\gameprogramming\debug\cscenetitle.obj
c:\users\kobam\desktop\ゲームプログラミング実習\debug\gameprogramming.ilk
c:\users\kobam\desktop\ゲームプログラミング実習\debug\gameprogramming.exe
c:\users\kobam\desktop\ゲームプログラミング実習\debug\gameprogramming.pdb
c:\users\kobam\desktop\ゲームプログラミング実習(制作)\debug\gameprogramming.pdb
c:\users\kobam\desktop\ゲームプログラミング実習(制作)\debug\gameprogramming.exe
c:\users\kobam\desktop\ゲームプログラミング実習(制作)\debug\gameprogramming.ilk
c:\users\kobam\desktop\ゲームプログラミング実習(制作)\gameprogramming\debug\gameprogramming.tlog\cl.command.1.tlog
c:\users\kobam\desktop\ゲームプログラミング実習(制作)\gameprogramming\debug\gameprogramming.tlog\cl.read.1.tlog
c:\users\kobam\desktop\ゲームプログラミング実習(制作)\gameprogramming\debug\gameprogramming.tlog\cl.write.1.tlog
c:\users\kobam\desktop\ゲームプログラミング実習(制作)\gameprogramming\debug\gameprogramming.tlog\link.command.1.tlog
c:\users\kobam\desktop\ゲームプログラミング実習(制作)\gameprogramming\debug\gameprogramming.tlog\link.read.1.tlog
c:\users\kobam\desktop\ゲームプログラミング実習(制作)\gameprogramming\debug\gameprogramming.tlog\link.write.1.tlog
