2021/07/02 10:18:10 にビルドを開始しました。
     1>ノード 2 上のプロジェクト "C:\Users\kobam\Desktop\Git まとめ\Git2 プ実(s)\Game2\GameProgramming\GameProgramming.vcxproj" (Build ターゲット)。
     1>ClCompile:
         C:\Program Files (x86)\Microsoft Visual Studio 12.0\VC\bin\CL.exe /c /ZI /nologo /W3 /WX- /Od /Oy- /D WIN32 /D _DEBUG /D _CONSOLE /D _LIB /Gm /EHsc /RTC1 /MDd /GS /fp:precise /Zc:wchar_t /Zc:forScope /Fo"Debug\\" /Fd"Debug\vc120.pdb" /Gd /TP /analyze- /errorReport:prompt Aitemu.cpp AitemuB.cpp AitemuC.cpp CEnemy.cpp CPlayer.cpp CSceneGame.cpp CSceneManager.cpp Updata.cpp
         CSceneGame.cpp
     1>c:\users\kobam\desktop\git まとめ\git2 プ実(s)\game2\gameprogramming\cscenegame.cpp(23): warning C4018: '<' : signed と unsigned の数値を比較しようとしました。
     1>c:\users\kobam\desktop\git まとめ\git2 プ実(s)\game2\gameprogramming\cscenegame.cpp(32): warning C4018: '<' : signed と unsigned の数値を比較しようとしました。
     1>c:\users\kobam\desktop\git まとめ\git2 プ実(s)\game2\gameprogramming\cscenegame.cpp(34): warning C4018: '<' : signed と unsigned の数値を比較しようとしました。
     1>c:\users\kobam\desktop\git まとめ\git2 プ実(s)\game2\gameprogramming\cscenegame.cpp(74): warning C4018: '<' : signed と unsigned の数値を比較しようとしました。
     1>c:\users\kobam\desktop\git まとめ\git2 プ実(s)\game2\gameprogramming\cscenegame.cpp(93): warning C4996: 'sprintf': This function or variable may be unsafe. Consider using sprintf_s instead. To disable deprecation, use _CRT_SECURE_NO_WARNINGS. See online help for details.
                 c:\program files (x86)\microsoft visual studio 12.0\vc\include\stdio.h(356) : 'sprintf' の宣言を確認してください。
     1>c:\users\kobam\desktop\git まとめ\git2 プ実(s)\game2\gameprogramming\cscenegame.cpp(100): warning C4996: 'sprintf': This function or variable may be unsafe. Consider using sprintf_s instead. To disable deprecation, use _CRT_SECURE_NO_WARNINGS. See online help for details.
                 c:\program files (x86)\microsoft visual studio 12.0\vc\include\stdio.h(356) : 'sprintf' の宣言を確認してください。
     1>c:\users\kobam\desktop\git まとめ\git2 プ実(s)\game2\gameprogramming\cscenegame.cpp(127): warning C4018: '<' : signed と unsigned の数値を比較しようとしました。
         CEnemy.cpp
         コードを生成中...
         コンパイル中...
         CSceneManager.cpp
         CPlayer.cpp
         コードを生成中...
         スキップ中... (関連する変更は検出されませんでした)
         Updata.cpp
         AitemuC.cpp
         AitemuB.cpp
         Aitemu.cpp
       Link:
         C:\Program Files (x86)\Microsoft Visual Studio 12.0\VC\bin\link.exe /ERRORREPORT:PROMPT /OUT:"C:\Users\kobam\Desktop\Git まとめ\Git2 プ実(s)\Game2\Debug\GameProgramming.exe" /INCREMENTAL /NOLOGO glew32.lib glfw3.lib glfw3dll.lib glut32.lib kernel32.lib user32.lib gdi32.lib winspool.lib comdlg32.lib advapi32.lib shell32.lib ole32.lib oleaut32.lib uuid.lib odbc32.lib odbccp32.lib /MANIFEST /MANIFESTUAC:"level='asInvoker' uiAccess='false'" /manifest:embed /DEBUG /PDB:"C:\Users\kobam\Desktop\Git まとめ\Git2 プ実(s)\Game2\Debug\GameProgramming.pdb" /TLBID:1 /DYNAMICBASE /NXCOMPAT /IMPLIB:"C:\Users\kobam\Desktop\Git まとめ\Git2 プ実(s)\Game2\Debug\GameProgramming.lib" /MACHINE:X86 Debug\Aitemu.obj
         Debug\AitemuB.obj
         Debug\AitemuC.obj
         Debug\CEnemy.obj
         Debug\CKey.obj
         Debug\CPlayer.obj
         Debug\CRectangle.obj
         Debug\CSceneGame.obj
         Debug\CSceneManager.obj
         Debug\CSceneTitle.obj
         Debug\CText.obj
         Debug\CTexture.obj
         Debug\main.obj
         Debug\Trappu.obj
         Debug\Updata.obj
     1>LINK : warning LNK4098: defaultlib 'MSVCRT' は他のライブラリの使用と競合しています。/NODEFAULTLIB:library を使用してください。
         GameProgramming.vcxproj -> C:\Users\kobam\Desktop\Git まとめ\Git2 プ実(s)\Game2\Debug\GameProgramming.exe
     1>プロジェクト "C:\Users\kobam\Desktop\Git まとめ\Git2 プ実(s)\Game2\GameProgramming\GameProgramming.vcxproj" (Build ターゲット) のビルドが完了しました。

ビルドに成功しました。

経過時間 00:00:03.03
